# JRE version: Java(TM) SE Runtime Environment (8.0-b132) (build 1.8.0-b132)
# Java VM: Java HotSpot(TM) 64-Bit Server VM (25.0-b70 mixed mode windows-amd64 compressed oops)
Heap:
 PSYoungGen      total 124416K, used 78789K [0x00000000eab00000, 0x00000000f4d80000, 0x0000000100000000)
  eden space 95232K, 53% used [0x00000000eab00000,0x00000000edd150e8,0x00000000f0800000)
  from space 29184K, 94% used [0x00000000f2900000,0x00000000f43dc500,0x00000000f4580000)
  to   space 33792K, 0% used [0x00000000f0800000,0x00000000f0800000,0x00000000f2900000)
 ParOldGen       total 73728K, used 57411K [0x00000000c0000000, 0x00000000c4800000, 0x00000000eab00000)
  object space 73728K, 77% used [0x00000000c0000000,0x00000000c3810c30,0x00000000c4800000)
 Metaspace       used 64867K, capacity 69167K, committed 69376K, reserved 1107968K
  class space    used 9179K, capacity 10692K, committed 10752K, reserved 1048576K
GC Heap History (10 events):
Event: 679.504 GC heap before
{Heap before GC invocations=38 (full 6):
 PSYoungGen      total 111616K, used 91535K [0x00000000eab00000, 0x00000000f3500000, 0x0000000100000000)
  eden space 94208K, 78% used [0x00000000eab00000,0x00000000ef367f50,0x00000000f0700000)
  from space 17408K, 99% used [0x00000000f0700000,0x00000000f17fbe18,0x00000000f1800000)
  to   space 20480K, 0% used [0x00000000f2100000,0x00000000f2100000,0x00000000f3500000)
 ParOldGen       total 55808K, used 40494K [0x00000000c0000000, 0x00000000c3680000, 0x00000000eab00000)
  object space 55808K, 72% used [0x00000000c0000000,0x00000000c278b880,0x00000000c3680000)
 Metaspace       used 55959K, capacity 58856K, committed 59136K, reserved 1099776K
  class space    used 7825K, capacity 8886K, committed 8960K, reserved 1048576K
Event: 679.577 GC heap after
Heap after GC invocations=38 (full 6):
 PSYoungGen      total 114688K, used 20450K [0x00000000eab00000, 0x00000000f4100000, 0x0000000100000000)
  eden space 94208K, 0% used [0x00000000eab00000,0x00000000eab00000,0x00000000f0700000)
  from space 20480K, 99% used [0x00000000f2100000,0x00000000f34f88c8,0x00000000f3500000)
  to   space 26624K, 0% used [0x00000000f0700000,0x00000000f0700000,0x00000000f2100000)
 ParOldGen       total 55808K, used 46207K [0x00000000c0000000, 0x00000000c3680000, 0x00000000eab00000)
  object space 55808K, 82% used [0x00000000c0000000,0x00000000c2d1fd60,0x00000000c3680000)
 Metaspace       used 55959K, capacity 58856K, committed 59136K, reserved 1099776K
  class space    used 7825K, capacity 8886K, committed 8960K, reserved 1048576K
}
Event: 679.577 GC heap before
{Heap before GC invocations=39 (full 7):
 PSYoungGen      total 114688K, used 20450K [0x00000000eab00000, 0x00000000f4100000, 0x0000000100000000)
  eden space 94208K, 0% used [0x00000000eab00000,0x00000000eab00000,0x00000000f0700000)
  from space 20480K, 99% used [0x00000000f2100000,0x00000000f34f88c8,0x00000000f3500000)
  to   space 26624K, 0% used [0x00000000f0700000,0x00000000f0700000,0x00000000f2100000)
 ParOldGen       total 55808K, used 46207K [0x00000000c0000000, 0x00000000c3680000, 0x00000000eab00000)
  object space 55808K, 82% used [0x00000000c0000000,0x00000000c2d1fd60,0x00000000c3680000)
 Metaspace       used 55959K, capacity 58856K, committed 59136K, reserved 1099776K
  class space    used 7825K, capacity 8886K, committed 8960K, reserved 1048576K
Event: 680.691 GC heap after
Heap after GC invocations=39 (full 7):
 PSYoungGen      total 114688K, used 6606K [0x00000000eab00000, 0x00000000f4100000, 0x0000000100000000)
  eden space 94208K, 0% used [0x00000000eab00000,0x00000000eab00000,0x00000000f0700000)
  from space 20480K, 32% used [0x00000000f2100000,0x00000000f2773b10,0x00000000f3500000)
  to   space 26624K, 0% used [0x00000000f0700000,0x00000000f0700000,0x00000000f2100000)
 ParOldGen       total 55808K, used 55722K [0x00000000c0000000, 0x00000000c3680000, 0x00000000eab00000)
  object space 55808K, 99% used [0x00000000c0000000,0x00000000c366a8b0,0x00000000c3680000)
 Metaspace       used 55887K, capacity 58628K, committed 59136K, reserved 1099776K
  class space    used 7808K, capacity 8818K, committed 8960K, reserved 1048576K
}
Event: 687.775 GC heap before
{Heap before GC invocations=40 (full 8):
 PSYoungGen      total 114688K, used 100814K [0x00000000eab00000, 0x00000000f4100000, 0x0000000100000000)
  eden space 94208K, 100% used [0x00000000eab00000,0x00000000f0700000,0x00000000f0700000)
  from space 20480K, 32% used [0x00000000f2100000,0x00000000f2773b10,0x00000000f3500000)
  to   space 26624K, 0% used [0x00000000f0700000,0x00000000f0700000,0x00000000f2100000)
 ParOldGen       total 55808K, used 55722K [0x00000000c0000000, 0x00000000c3680000, 0x00000000eab00000)
  object space 55808K, 99% used [0x00000000c0000000,0x00000000c366a8b0,0x00000000c3680000)
 Metaspace       used 58503K, capacity 61808K, committed 61952K, reserved 1101824K
  class space    used 8127K, capacity 9383K, committed 9472K, reserved 1048576K
Event: 688.372 GC heap after
Heap after GC invocations=40 (full 8):
 PSYoungGen      total 114688K, used 11497K [0x00000000eab00000, 0x00000000f4100000, 0x0000000100000000)
  eden space 94208K, 12% used [0x00000000eab00000,0x00000000eb63a4c0,0x00000000f0700000)
  from space 20480K, 0% used [0x00000000f2100000,0x00000000f2100000,0x00000000f3500000)
  to   space 26624K, 0% used [0x00000000f0700000,0x00000000f0700000,0x00000000f2100000)
 ParOldGen       total 73728K, used 55803K [0x00000000c0000000, 0x00000000c4800000, 0x00000000eab00000)
  object space 73728K, 75% used [0x00000000c0000000,0x00000000c367ec10,0x00000000c4800000)
 Metaspace       used 58503K, capacity 61808K, committed 61952K, reserved 1101824K
  class space    used 8127K, capacity 9383K, committed 9472K, reserved 1048576K
}
Event: 689.802 GC heap before
{Heap before GC invocations=41 (full 8):
 PSYoungGen      total 114688K, used 94208K [0x00000000eab00000, 0x00000000f4100000, 0x0000000100000000)
  eden space 94208K, 100% used [0x00000000eab00000,0x00000000f0700000,0x00000000f0700000)
  from space 20480K, 0% used [0x00000000f2100000,0x00000000f2100000,0x00000000f3500000)
  to   space 26624K, 0% used [0x00000000f0700000,0x00000000f0700000,0x00000000f2100000)
 ParOldGen       total 73728K, used 55803K [0x00000000c0000000, 0x00000000c4800000, 0x00000000eab00000)
  object space 73728K, 75% used [0x00000000c0000000,0x00000000c367ec10,0x00000000c4800000)
 Metaspace       used 61113K, capacity 64774K, committed 65024K, reserved 1103872K
  class space    used 8541K, capacity 9880K, committed 9984K, reserved 1048576K
Event: 689.958 GC heap after
Heap after GC invocations=41 (full 8):
 PSYoungGen      total 120832K, used 19208K [0x00000000eab00000, 0x00000000f4580000, 0x0000000100000000)
  eden space 94208K, 0% used [0x00000000eab00000,0x00000000eab00000,0x00000000f0700000)
  from space 26624K, 72% used [0x00000000f0700000,0x00000000f19c23c8,0x00000000f2100000)
  to   space 29184K, 0% used [0x00000000f2900000,0x00000000f2900000,0x00000000f4580000)
 ParOldGen       total 73728K, used 57403K [0x00000000c0000000, 0x00000000c4800000, 0x00000000eab00000)
  object space 73728K, 77% used [0x00000000c0000000,0x00000000c380ec30,0x00000000c4800000)
 Metaspace       used 61113K, capacity 64774K, committed 65024K, reserved 1103872K
  class space    used 8541K, capacity 9880K, committed 9984K, reserved 1048576K
}
Event: 706.598 GC heap before
{Heap before GC invocations=42 (full 8):
 PSYoungGen      total 120832K, used 113416K [0x00000000eab00000, 0x00000000f4580000, 0x0000000100000000)
  eden space 94208K, 100% used [0x00000000eab00000,0x00000000f0700000,0x00000000f0700000)
  from space 26624K, 72% used [0x00000000f0700000,0x00000000f19c23c8,0x00000000f2100000)
  to   space 29184K, 0% used [0x00000000f2900000,0x00000000f2900000,0x00000000f4580000)
 ParOldGen       total 73728K, used 57403K [0x00000000c0000000, 0x00000000c4800000, 0x00000000eab00000)
  object space 73728K, 77% used [0x00000000c0000000,0x00000000c380ec30,0x00000000c4800000)
 Metaspace       used 64155K, capacity 68047K, committed 68352K, reserved 1107968K
  class space    used 9064K, capacity 10435K, committed 10496K, reserved 1048576K
Event: 706.653 GC heap after
Heap after GC invocations=42 (full 8):
 PSYoungGen      total 124416K, used 27505K [0x00000000eab00000, 0x00000000f4d80000, 0x0000000100000000)
  eden space 95232K, 0% used [0x00000000eab00000,0x00000000eab00000,0x00000000f0800000)
  from space 29184K, 94% used [0x00000000f2900000,0x00000000f43dc500,0x00000000f4580000)
  to   space 33792K, 0% used [0x00000000f0800000,0x00000000f0800000,0x00000000f2900000)
 ParOldGen       total 73728K, used 57411K [0x00000000c0000000, 0x00000000c4800000, 0x00000000eab00000)
  object space 73728K, 77% used [0x00000000c0000000,0x00000000c3810c30,0x00000000c4800000)
 Metaspace       used 64155K, capacity 68047K, committed 68352K, reserved 1107968K
  class space    used 9064K, capacity 10435K, committed 10496K, reserved 1048576K
}

