# JRE version: Java(TM) SE Runtime Environment (8.0-b132) (build 1.8.0-b132)
# Java VM: Java HotSpot(TM) 64-Bit Server VM (25.0-b70 mixed mode windows-amd64 compressed oops)
Heap:
 PSYoungGen      total 240640K, used 170220K [0x00000000eab00000, 0x0000000100000000, 0x0000000100000000)
  eden space 132096K, 100% used [0x00000000eab00000,0x00000000f2c00000,0x00000000f2c00000)
  from space 108544K, 35% used [0x00000000f9600000,0x00000000fbb3b0a0,0x0000000100000000)
  to   space 108544K, 0% used [0x00000000f2c00000,0x00000000f2c00000,0x00000000f9600000)
 ParOldGen       total 243712K, used 243401K [0x00000000c0000000, 0x00000000cee00000, 0x00000000eab00000)
  object space 243712K, 99% used [0x00000000c0000000,0x00000000cedb26b8,0x00000000cee00000)
 Metaspace       used 210890K, capacity 225744K, committed 225920K, reserved 1241088K
  class space    used 29439K, capacity 34881K, committed 34944K, reserved 1048576K
GC Heap History (10 events):
Event: 7221.668 GC heap after
Heap after GC invocations=133 (full 28):
 PSYoungGen      total 232960K, used 53190K [0x00000000eab00000, 0x0000000100000000, 0x0000000100000000)
  eden space 116736K, 0% used [0x00000000eab00000,0x00000000eab00000,0x00000000f1d00000)
  from space 116224K, 45% used [0x00000000f1d00000,0x00000000f50f1830,0x00000000f8e80000)
  to   space 111616K, 0% used [0x00000000f9300000,0x00000000f9300000,0x0000000100000000)
 ParOldGen       total 243712K, used 211374K [0x00000000c0000000, 0x00000000cee00000, 0x00000000eab00000)
  object space 243712K, 86% used [0x00000000c0000000,0x00000000cce6ba08,0x00000000cee00000)
 Metaspace       used 198860K, capacity 212216K, committed 213120K, reserved 1228800K
  class space    used 27650K, capacity 32513K, committed 32896K, reserved 1048576K
}
Event: 7260.292 GC heap before
{Heap before GC invocations=134 (full 28):
 PSYoungGen      total 232960K, used 169926K [0x00000000eab00000, 0x0000000100000000, 0x0000000100000000)
  eden space 116736K, 100% used [0x00000000eab00000,0x00000000f1d00000,0x00000000f1d00000)
  from space 116224K, 45% used [0x00000000f1d00000,0x00000000f50f1830,0x00000000f8e80000)
  to   space 111616K, 0% used [0x00000000f9300000,0x00000000f9300000,0x0000000100000000)
 ParOldGen       total 243712K, used 211374K [0x00000000c0000000, 0x00000000cee00000, 0x00000000eab00000)
  object space 243712K, 86% used [0x00000000c0000000,0x00000000cce6ba08,0x00000000cee00000)
 Metaspace       used 201577K, capacity 215673K, committed 216192K, reserved 1232896K
  class space    used 28039K, capacity 33165K, committed 33408K, reserved 1048576K
Event: 7260.361 GC heap after
Heap after GC invocations=134 (full 28):
 PSYoungGen      total 219136K, used 60392K [0x00000000eab00000, 0x00000000ff280000, 0x0000000100000000)
  eden space 121344K, 0% used [0x00000000eab00000,0x00000000eab00000,0x00000000f2180000)
  from space 97792K, 61% used [0x00000000f9300000,0x00000000fcdfa2e0,0x00000000ff280000)
  to   space 107008K, 0% used [0x00000000f2180000,0x00000000f2180000,0x00000000f8a00000)
 ParOldGen       total 243712K, used 211374K [0x00000000c0000000, 0x00000000cee00000, 0x00000000eab00000)
  object space 243712K, 86% used [0x00000000c0000000,0x00000000cce6ba08,0x00000000cee00000)
 Metaspace       used 201577K, capacity 215673K, committed 216192K, reserved 1232896K
  class space    used 28039K, capacity 33165K, committed 33408K, reserved 1048576K
}
Event: 7261.333 GC heap before
{Heap before GC invocations=135 (full 28):
 PSYoungGen      total 219136K, used 181736K [0x00000000eab00000, 0x00000000ff280000, 0x0000000100000000)
  eden space 121344K, 100% used [0x00000000eab00000,0x00000000f2180000,0x00000000f2180000)
  from space 97792K, 61% used [0x00000000f9300000,0x00000000fcdfa2e0,0x00000000ff280000)
  to   space 107008K, 0% used [0x00000000f2180000,0x00000000f2180000,0x00000000f8a00000)
 ParOldGen       total 243712K, used 211374K [0x00000000c0000000, 0x00000000cee00000, 0x00000000eab00000)
  object space 243712K, 86% used [0x00000000c0000000,0x00000000cce6ba08,0x00000000cee00000)
 Metaspace       used 205917K, capacity 220299K, committed 220416K, reserved 1234944K
  class space    used 28732K, capacity 33944K, committed 34048K, reserved 1048576K
Event: 7261.404 GC heap after
Heap after GC invocations=135 (full 28):
 PSYoungGen      total 228352K, used 74735K [0x00000000eab00000, 0x0000000100000000, 0x0000000100000000)
  eden space 121344K, 0% used [0x00000000eab00000,0x00000000eab00000,0x00000000f2180000)
  from space 107008K, 69% used [0x00000000f2180000,0x00000000f6a7bc28,0x00000000f8a00000)
  to   space 108544K, 0% used [0x00000000f9600000,0x00000000f9600000,0x0000000100000000)
 ParOldGen       total 243712K, used 211374K [0x00000000c0000000, 0x00000000cee00000, 0x00000000eab00000)
  object space 243712K, 86% used [0x00000000c0000000,0x00000000cce6ba08,0x00000000cee00000)
 Metaspace       used 205917K, capacity 220299K, committed 220416K, reserved 1234944K
  class space    used 28732K, capacity 33944K, committed 34048K, reserved 1048576K
}
Event: 7262.833 GC heap before
{Heap before GC invocations=136 (full 28):
 PSYoungGen      total 228352K, used 111943K [0x00000000eab00000, 0x0000000100000000, 0x0000000100000000)
  eden space 121344K, 30% used [0x00000000eab00000,0x00000000ecf56008,0x00000000f2180000)
  from space 107008K, 69% used [0x00000000f2180000,0x00000000f6a7bc28,0x00000000f8a00000)
  to   space 108544K, 0% used [0x00000000f9600000,0x00000000f9600000,0x0000000100000000)
 ParOldGen       total 243712K, used 211374K [0x00000000c0000000, 0x00000000cee00000, 0x00000000eab00000)
  object space 243712K, 86% used [0x00000000c0000000,0x00000000cce6ba08,0x00000000cee00000)
 Metaspace       used 207262K, capacity 221696K, committed 221952K, reserved 1236992K
  class space    used 28947K, capacity 34188K, committed 34304K, reserved 1048576K
Event: 7262.899 GC heap after
Heap after GC invocations=136 (full 28):
 PSYoungGen      total 240640K, used 73819K [0x00000000eab00000, 0x0000000100000000, 0x0000000100000000)
  eden space 132096K, 0% used [0x00000000eab00000,0x00000000eab00000,0x00000000f2c00000)
  from space 108544K, 68% used [0x00000000f9600000,0x00000000fde16fa8,0x0000000100000000)
  to   space 108544K, 0% used [0x00000000f2c00000,0x00000000f2c00000,0x00000000f9600000)
 ParOldGen       total 243712K, used 211382K [0x00000000c0000000, 0x00000000cee00000, 0x00000000eab00000)
  object space 243712K, 86% used [0x00000000c0000000,0x00000000cce6da08,0x00000000cee00000)
 Metaspace       used 207262K, capacity 221696K, committed 221952K, reserved 1236992K
  class space    used 28947K, capacity 34188K, committed 34304K, reserved 1048576K
}
Event: 7262.899 GC heap before
{Heap before GC invocations=137 (full 29):
 PSYoungGen      total 240640K, used 73819K [0x00000000eab00000, 0x0000000100000000, 0x0000000100000000)
  eden space 132096K, 0% used [0x00000000eab00000,0x00000000eab00000,0x00000000f2c00000)
  from space 108544K, 68% used [0x00000000f9600000,0x00000000fde16fa8,0x0000000100000000)
  to   space 108544K, 0% used [0x00000000f2c00000,0x00000000f2c00000,0x00000000f9600000)
 ParOldGen       total 243712K, used 211382K [0x00000000c0000000, 0x00000000cee00000, 0x00000000eab00000)
  object space 243712K, 86% used [0x00000000c0000000,0x00000000cce6da08,0x00000000cee00000)
 Metaspace       used 207262K, capacity 221696K, committed 221952K, reserved 1236992K
  class space    used 28947K, capacity 34188K, committed 34304K, reserved 1048576K
Event: 7264.597 GC heap after
Heap after GC invocations=137 (full 29):
 PSYoungGen      total 240640K, used 38124K [0x00000000eab00000, 0x0000000100000000, 0x0000000100000000)
  eden space 132096K, 0% used [0x00000000eab00000,0x00000000eab00000,0x00000000f2c00000)
  from space 108544K, 35% used [0x00000000f9600000,0x00000000fbb3b0a0,0x0000000100000000)
  to   space 108544K, 0% used [0x00000000f2c00000,0x00000000f2c00000,0x00000000f9600000)
 ParOldGen       total 243712K, used 243401K [0x00000000c0000000, 0x00000000cee00000, 0x00000000eab00000)
  object space 243712K, 99% used [0x00000000c0000000,0x00000000cedb26b8,0x00000000cee00000)
 Metaspace       used 207195K, capacity 221468K, committed 221952K, reserved 1236992K
  class space    used 28931K, capacity 34120K, committed 34304K, reserved 1048576K
}
Event: 7425.283 GC heap before
{Heap before GC invocations=138 (full 30):
 PSYoungGen      total 240640K, used 170220K [0x00000000eab00000, 0x0000000100000000, 0x0000000100000000)
  eden space 132096K, 100% used [0x00000000eab00000,0x00000000f2c00000,0x00000000f2c00000)
  from space 108544K, 35% used [0x00000000f9600000,0x00000000fbb3b0a0,0x0000000100000000)
  to   space 108544K, 0% used [0x00000000f2c00000,0x00000000f2c00000,0x00000000f9600000)
 ParOldGen       total 243712K, used 243401K [0x00000000c0000000, 0x00000000cee00000, 0x00000000eab00000)
  object space 243712K, 99% used [0x00000000c0000000,0x00000000cedb26b8,0x00000000cee00000)
 Metaspace       used 210890K, capacity 225744K, committed 225920K, reserved 1241088K
  class space    used 29439K, capacity 34881K, committed 34944K, reserved 1048576K

